<?xml version="1.0" encoding="UTF-8"?>
<robot generator="Robot 3.2.2 (Python 3.9.1 on win32)" generated="20210119 17:33:13.797" rpa="false">
<suite id="s1" name="openEmr" source="C:\robotics\robot_workspace\openEmr">
<suite id="s1-s1" name="LoginSuite" source="C:\robotics\robot_workspace\openEmr\LoginSuite">
<suite id="s1-s1-s1" name="Verify Invalid Credentials" source="C:\robotics\robot_workspace\openEmr\LoginSuite\verify_invalid_credentials.robot">
<test id="s1-s1-s1-t1" name="Verify_InValid_Credentials_Tests_admin11">
<kw name="Launch Browser" library="common_functionality" type="setup">
<kw name="Append To Environment Variable" library="OperatingSystem">
<doc>Appends given ``values`` to environment variable ``name``.</doc>
<arguments>
<arg>Path</arg>
<arg>${OUTPUT_DIR}${/}driver</arg>
</arguments>
<msg timestamp="20210119 17:33:14.744" level="INFO">Environment variable 'Path' set to value 'C:/Users/CTEA/.p2/pool/plugins/org.eclipse.justj.openjdk.hotspot.jre.full.win32.x86_64_15.0.1.v20201027-0507/jre/bin/server;C:/Users/CTEA/.p2/pool/plugins/org.eclipse.justj.openjdk.hotspot.jre.full.win32.x86_64_15.0.1.v20201027-0507/jre/bin;C:\WINDOWS\system32;C:\WINDOWS;C:\WINDOWS\System32\Wbem;C:\WINDOWS\System32\WindowsPowerShell\v1.0\;C:\Python;C:\Python\Scripts;C:\xampp\mysql\bin;C:\WINDOWS\System32\OpenSSH\;C:\Program Files\mingw-w64\x86_64-8.1.0-posix-seh-rt_v6-rev0\mingw64\bin;C:\Program Files (x86)\Groovy\bin;C:\Program Files (x86)\Groovy\bin;C:\Program Files\Java\jdk1.8.0_271\bin;C:\Users\CTEA\AppData\Local\Programs\Microsoft VS Code\bin;C:\Users\CTEA\AppData\Local\Microsoft\WindowsApps;C:\Users\CTEA\Desktop\robotics\geckodriver-v0.28.0-win32;;C:\WINDOWS\system32;;C:\robotics\robot_workspace\openEmr\driver'.</msg>
<status status="PASS" starttime="20210119 17:33:14.743" endtime="20210119 17:33:14.744"></status>
</kw>
<kw name="Open Browser" library="SeleniumLibrary">
<doc>Opens a new browser instance to the optional ``url``.</doc>
<arguments>
<arg>browser=${BROWSER_NAME}</arg>
</arguments>
<msg timestamp="20210119 17:33:14.745" level="INFO">Opening browser 'chrome' to base url 'None'.</msg>
<status status="PASS" starttime="20210119 17:33:14.745" endtime="20210119 17:33:22.013"></status>
</kw>
<kw name="Maximize Browser Window" library="SeleniumLibrary">
<doc>Maximizes current browser window.</doc>
<status status="PASS" starttime="20210119 17:33:22.013" endtime="20210119 17:33:24.159"></status>
</kw>
<kw name="Set Selenium Implicit Wait" library="SeleniumLibrary">
<doc>Sets the implicit wait value used by Selenium.</doc>
<arguments>
<arg>30s</arg>
</arguments>
<status status="PASS" starttime="20210119 17:33:24.159" endtime="20210119 17:33:24.162"></status>
</kw>
<kw name="Go To" library="SeleniumLibrary">
<doc>Navigates the current browser window to the provided ``url``.</doc>
<arguments>
<arg>url=${URL}</arg>
</arguments>
<msg timestamp="20210119 17:33:24.164" level="INFO">Opening url 'https://demo.openemr.io/b/openemr/interface/login/login.php?site=default'</msg>
<status status="PASS" starttime="20210119 17:33:24.163" endtime="20210119 17:33:31.710"></status>
</kw>
<status status="PASS" starttime="20210119 17:33:14.743" endtime="20210119 17:33:31.711"></status>
</kw>
<kw name="Verify_InValid_Credentials_Test">
<arguments>
<arg>admin11</arg>
<arg>pass1</arg>
<arg>English (Indian)</arg>
<arg>Invalid username or password</arg>
</arguments>
<kw name="Enter Username" library="LoginPage">
<arguments>
<arg>${username}</arg>
</arguments>
<kw name="Input Text" library="SeleniumLibrary">
<doc>Types the given ``text`` into the text field identified by ``locator``.</doc>
<arguments>
<arg>${USERNAME_LOCATOR}</arg>
<arg>${username}</arg>
</arguments>
<msg timestamp="20210119 17:33:31.714" level="INFO">Typing text 'admin11' into text field 'authUser'.</msg>
<status status="PASS" starttime="20210119 17:33:31.714" endtime="20210119 17:33:32.173"></status>
</kw>
<status status="PASS" starttime="20210119 17:33:31.713" endtime="20210119 17:33:32.173"></status>
</kw>
<kw name="Enter Password" library="LoginPage">
<arguments>
<arg>${password}</arg>
</arguments>
<kw name="Input Password" library="SeleniumLibrary">
<doc>Types the given password into the text field identified by ``locator``.</doc>
<arguments>
<arg>${PASSWORD_LOCATOR}</arg>
<arg>${password}</arg>
</arguments>
<msg timestamp="20210119 17:33:32.175" level="INFO">Typing password into text field 'clearPass'.</msg>
<msg timestamp="20210119 17:33:32.390" level="INFO">Temporally setting log level to: NONE</msg>
<msg timestamp="20210119 17:33:32.656" level="INFO">Log level changed from NONE to INFO.</msg>
<status status="PASS" starttime="20210119 17:33:32.175" endtime="20210119 17:33:32.656"></status>
</kw>
<status status="PASS" starttime="20210119 17:33:32.174" endtime="20210119 17:33:32.657"></status>
</kw>
<kw name="Select Language" library="LoginPage">
<arguments>
<arg>${language}</arg>
</arguments>
<kw name="Select From List By Label" library="SeleniumLibrary">
<doc>Selects options from selection list ``locator`` by ``labels``.</doc>
<arguments>
<arg>${LANGUAGE_LOCATOR}</arg>
<arg>${language}</arg>
</arguments>
<msg timestamp="20210119 17:33:32.658" level="INFO">Selecting options from selection list 'languageChoice' by label English (Indian).</msg>
<status status="PASS" starttime="20210119 17:33:32.658" endtime="20210119 17:33:32.940"></status>
</kw>
<status status="PASS" starttime="20210119 17:33:32.657" endtime="20210119 17:33:32.940"></status>
</kw>
<kw name="Click Login" library="LoginPage">
<kw name="Click Element" library="SeleniumLibrary">
<doc>Click the element identified by ``locator``.</doc>
<arguments>
<arg>${LOGIN_LOCATOR}</arg>
</arguments>
<msg timestamp="20210119 17:33:32.942" level="INFO">Clicking element '//button[@type='submit']'.</msg>
<status status="PASS" starttime="20210119 17:33:32.941" endtime="20210119 17:33:35.773"></status>
</kw>
<status status="PASS" starttime="20210119 17:33:32.941" endtime="20210119 17:33:35.774"></status>
</kw>
<kw name="Verify Error Message" library="LoginPage">
<arguments>
<arg>Invalid username or password</arg>
</arguments>
<kw name="Element Should Contain" library="SeleniumLibrary">
<doc>Verifies that element ``locator`` contains text ``expected``.</doc>
<arguments>
<arg>${ERROR_LOCATOR}</arg>
<arg>${verify}</arg>
</arguments>
<msg timestamp="20210119 17:33:35.906" level="INFO">Element '//*[contains(text(),'Invalid')]' contains text 'Invalid username or password'.</msg>
<status status="PASS" starttime="20210119 17:33:35.776" endtime="20210119 17:33:35.907"></status>
</kw>
<status status="PASS" starttime="20210119 17:33:35.774" endtime="20210119 17:33:35.907"></status>
</kw>
<status status="PASS" starttime="20210119 17:33:31.711" endtime="20210119 17:33:35.908"></status>
</kw>
<kw name="End Browser" library="common_functionality" type="teardown">
<kw name="Close Browser" library="SeleniumLibrary">
<doc>Closes the current browser.</doc>
<status status="PASS" starttime="20210119 17:33:35.909" endtime="20210119 17:33:38.646"></status>
</kw>
<status status="PASS" starttime="20210119 17:33:35.908" endtime="20210119 17:33:38.647"></status>
</kw>
<status status="PASS" starttime="20210119 17:33:14.741" endtime="20210119 17:33:38.647" critical="yes"></status>
</test>
<test id="s1-s1-s1-t2" name="Verify_InValid_Credentials_Tests_admin2">
<kw name="Launch Browser" library="common_functionality" type="setup">
<kw name="Append To Environment Variable" library="OperatingSystem">
<doc>Appends given ``values`` to environment variable ``name``.</doc>
<arguments>
<arg>Path</arg>
<arg>${OUTPUT_DIR}${/}driver</arg>
</arguments>
<msg timestamp="20210119 17:33:38.650" level="INFO">Environment variable 'Path' set to value 'C:/Users/CTEA/.p2/pool/plugins/org.eclipse.justj.openjdk.hotspot.jre.full.win32.x86_64_15.0.1.v20201027-0507/jre/bin/server;C:/Users/CTEA/.p2/pool/plugins/org.eclipse.justj.openjdk.hotspot.jre.full.win32.x86_64_15.0.1.v20201027-0507/jre/bin;C:\WINDOWS\system32;C:\WINDOWS;C:\WINDOWS\System32\Wbem;C:\WINDOWS\System32\WindowsPowerShell\v1.0\;C:\Python;C:\Python\Scripts;C:\xampp\mysql\bin;C:\WINDOWS\System32\OpenSSH\;C:\Program Files\mingw-w64\x86_64-8.1.0-posix-seh-rt_v6-rev0\mingw64\bin;C:\Program Files (x86)\Groovy\bin;C:\Program Files (x86)\Groovy\bin;C:\Program Files\Java\jdk1.8.0_271\bin;C:\Users\CTEA\AppData\Local\Programs\Microsoft VS Code\bin;C:\Users\CTEA\AppData\Local\Microsoft\WindowsApps;C:\Users\CTEA\Desktop\robotics\geckodriver-v0.28.0-win32;;C:\WINDOWS\system32;;C:\robotics\robot_workspace\openEmr\driver;C:\robotics\robot_workspace\openEmr\driver'.</msg>
<status status="PASS" starttime="20210119 17:33:38.650" endtime="20210119 17:33:38.651"></status>
</kw>
<kw name="Open Browser" library="SeleniumLibrary">
<doc>Opens a new browser instance to the optional ``url``.</doc>
<arguments>
<arg>browser=${BROWSER_NAME}</arg>
</arguments>
<msg timestamp="20210119 17:33:38.652" level="INFO">Opening browser 'chrome' to base url 'None'.</msg>
<status status="PASS" starttime="20210119 17:33:38.651" endtime="20210119 17:33:42.574"></status>
</kw>
<kw name="Maximize Browser Window" library="SeleniumLibrary">
<doc>Maximizes current browser window.</doc>
<status status="PASS" starttime="20210119 17:33:42.574" endtime="20210119 17:33:44.717"></status>
</kw>
<kw name="Set Selenium Implicit Wait" library="SeleniumLibrary">
<doc>Sets the implicit wait value used by Selenium.</doc>
<arguments>
<arg>30s</arg>
</arguments>
<status status="PASS" starttime="20210119 17:33:44.718" endtime="20210119 17:33:44.720"></status>
</kw>
<kw name="Go To" library="SeleniumLibrary">
<doc>Navigates the current browser window to the provided ``url``.</doc>
<arguments>
<arg>url=${URL}</arg>
</arguments>
<msg timestamp="20210119 17:33:44.721" level="INFO">Opening url 'https://demo.openemr.io/b/openemr/interface/login/login.php?site=default'</msg>
<status status="PASS" starttime="20210119 17:33:44.720" endtime="20210119 17:33:52.421"></status>
</kw>
<status status="PASS" starttime="20210119 17:33:38.649" endtime="20210119 17:33:52.422"></status>
</kw>
<kw name="Verify_InValid_Credentials_Test">
<arguments>
<arg>admin2</arg>
<arg>pass2</arg>
<arg>English (Indian)</arg>
<arg>Invalid username or password</arg>
</arguments>
<kw name="Enter Username" library="LoginPage">
<arguments>
<arg>${username}</arg>
</arguments>
<kw name="Input Text" library="SeleniumLibrary">
<doc>Types the given ``text`` into the text field identified by ``locator``.</doc>
<arguments>
<arg>${USERNAME_LOCATOR}</arg>
<arg>${username}</arg>
</arguments>
<msg timestamp="20210119 17:33:52.427" level="INFO">Typing text 'admin2' into text field 'authUser'.</msg>
<status status="PASS" starttime="20210119 17:33:52.427" endtime="20210119 17:33:52.906"></status>
</kw>
<status status="PASS" starttime="20210119 17:33:52.426" endtime="20210119 17:33:52.907"></status>
</kw>
<kw name="Enter Password" library="LoginPage">
<arguments>
<arg>${password}</arg>
</arguments>
<kw name="Input Password" library="SeleniumLibrary">
<doc>Types the given password into the text field identified by ``locator``.</doc>
<arguments>
<arg>${PASSWORD_LOCATOR}</arg>
<arg>${password}</arg>
</arguments>
<msg timestamp="20210119 17:33:52.909" level="INFO">Typing password into text field 'clearPass'.</msg>
<msg timestamp="20210119 17:33:53.123" level="INFO">Temporally setting log level to: NONE</msg>
<msg timestamp="20210119 17:33:53.318" level="INFO">Log level changed from NONE to INFO.</msg>
<status status="PASS" starttime="20210119 17:33:52.908" endtime="20210119 17:33:53.319"></status>
</kw>
<status status="PASS" starttime="20210119 17:33:52.908" endtime="20210119 17:33:53.319"></status>
</kw>
<kw name="Select Language" library="LoginPage">
<arguments>
<arg>${language}</arg>
</arguments>
<kw name="Select From List By Label" library="SeleniumLibrary">
<doc>Selects options from selection list ``locator`` by ``labels``.</doc>
<arguments>
<arg>${LANGUAGE_LOCATOR}</arg>
<arg>${language}</arg>
</arguments>
<msg timestamp="20210119 17:33:53.321" level="INFO">Selecting options from selection list 'languageChoice' by label English (Indian).</msg>
<status status="PASS" starttime="20210119 17:33:53.321" endtime="20210119 17:33:53.677"></status>
</kw>
<status status="PASS" starttime="20210119 17:33:53.320" endtime="20210119 17:33:53.677"></status>
</kw>
<kw name="Click Login" library="LoginPage">
<kw name="Click Element" library="SeleniumLibrary">
<doc>Click the element identified by ``locator``.</doc>
<arguments>
<arg>${LOGIN_LOCATOR}</arg>
</arguments>
<msg timestamp="20210119 17:33:53.679" level="INFO">Clicking element '//button[@type='submit']'.</msg>
<status status="PASS" starttime="20210119 17:33:53.679" endtime="20210119 17:33:56.365"></status>
</kw>
<status status="PASS" starttime="20210119 17:33:53.678" endtime="20210119 17:33:56.366"></status>
</kw>
<kw name="Verify Error Message" library="LoginPage">
<arguments>
<arg>Invalid username or password</arg>
</arguments>
<kw name="Element Should Contain" library="SeleniumLibrary">
<doc>Verifies that element ``locator`` contains text ``expected``.</doc>
<arguments>
<arg>${ERROR_LOCATOR}</arg>
<arg>${verify}</arg>
</arguments>
<msg timestamp="20210119 17:33:56.600" level="INFO">Element '//*[contains(text(),'Invalid')]' contains text 'Invalid username or password'.</msg>
<status status="PASS" starttime="20210119 17:33:56.368" endtime="20210119 17:33:56.600"></status>
</kw>
<status status="PASS" starttime="20210119 17:33:56.366" endtime="20210119 17:33:56.601"></status>
</kw>
<status status="PASS" starttime="20210119 17:33:52.423" endtime="20210119 17:33:56.601"></status>
</kw>
<kw name="End Browser" library="common_functionality" type="teardown">
<kw name="Close Browser" library="SeleniumLibrary">
<doc>Closes the current browser.</doc>
<status status="PASS" starttime="20210119 17:33:56.602" endtime="20210119 17:33:59.053"></status>
</kw>
<status status="PASS" starttime="20210119 17:33:56.602" endtime="20210119 17:33:59.054"></status>
</kw>
<status status="PASS" starttime="20210119 17:33:38.648" endtime="20210119 17:33:59.054" critical="yes"></status>
</test>
<doc>this file contains invalid test cases</doc>
<status status="PASS" starttime="20210119 17:33:13.891" endtime="20210119 17:33:59.055"></status>
</suite>
<status status="PASS" starttime="20210119 17:33:13.886" endtime="20210119 17:33:59.060"></status>
</suite>
<status status="PASS" starttime="20210119 17:33:13.853" endtime="20210119 17:33:59.063"></status>
</suite>
<statistics>
<total>
<stat pass="2" fail="0">Critical Tests</stat>
<stat pass="2" fail="0">All Tests</stat>
</total>
<tag>
</tag>
<suite>
<stat pass="2" fail="0" id="s1" name="openEmr">openEmr</stat>
<stat pass="2" fail="0" id="s1-s1" name="LoginSuite">openEmr.LoginSuite</stat>
<stat pass="2" fail="0" id="s1-s1-s1" name="Verify Invalid Credentials">openEmr.LoginSuite.Verify Invalid Credentials</stat>
</suite>
</statistics>
<errors>
</errors>
</robot>
